GowinSynthesis start
Running parser ...
Analyzing Verilog file 'C:\Users\Joe\dev\brus16\gowin\src\tn9k\gowin_clkdiv\gowin_clkdiv.v'
Analyzing Verilog file 'C:\Users\Joe\dev\brus16\gowin\src\tn9k\gowin_rpll\gowin_rpll.v'
Analyzing Verilog file 'C:\Users\Joe\dev\brus16\src\brus16_controller.sv'
Analyzing included file 'C:\Users\Joe\dev\brus16\src\constants.svh'("C:\Users\Joe\dev\brus16\src\brus16_controller.sv":16)
Back to file 'C:\Users\Joe\dev\brus16\src\brus16_controller.sv'("C:\Users\Joe\dev\brus16\src\brus16_controller.sv":16)
Analyzing Verilog file 'C:\Users\Joe\dev\brus16\src\brus16_top.sv'
Analyzing included file 'C:\Users\Joe\dev\brus16\src\constants.svh'("C:\Users\Joe\dev\brus16\src\brus16_top.sv":5)
Back to file 'C:\Users\Joe\dev\brus16\src\brus16_top.sv'("C:\Users\Joe\dev\brus16\src\brus16_top.sv":5)
Analyzing Verilog file 'C:\Users\Joe\dev\brus16\src\buttons\button_controller.sv'
Analyzing included file 'C:\Users\Joe\dev\brus16\src\constants.svh'("C:\Users\Joe\dev\brus16\src\buttons\button_controller.sv":7)
Back to file 'C:\Users\Joe\dev\brus16\src\buttons\button_controller.sv'("C:\Users\Joe\dev\brus16\src\buttons\button_controller.sv":7)
Analyzing Verilog file 'C:\Users\Joe\dev\brus16\src\buttons\buttons_top.sv'
Analyzing included file 'C:\Users\Joe\dev\brus16\src\constants.svh'("C:\Users\Joe\dev\brus16\src\buttons\buttons_top.sv":1)
Back to file 'C:\Users\Joe\dev\brus16\src\buttons\buttons_top.sv'("C:\Users\Joe\dev\brus16\src\buttons\buttons_top.sv":1)
Analyzing Verilog file 'C:\Users\Joe\dev\brus16\src\buttons\dualshock_spi_master.sv'
Analyzing Verilog file 'C:\Users\Joe\dev\brus16\src\cpu\alu.sv'
Analyzing included file 'C:\Users\Joe\dev\brus16\src\constants.svh'("C:\Users\Joe\dev\brus16\src\cpu\alu.sv":5)
Back to file 'C:\Users\Joe\dev\brus16\src\cpu\alu.sv'("C:\Users\Joe\dev\brus16\src\cpu\alu.sv":5)
Analyzing Verilog file 'C:\Users\Joe\dev\brus16\src\cpu\cpu.sv'
Analyzing included file 'C:\Users\Joe\dev\brus16\src\constants.svh'("C:\Users\Joe\dev\brus16\src\cpu\cpu.sv":9)
Back to file 'C:\Users\Joe\dev\brus16\src\cpu\cpu.sv'("C:\Users\Joe\dev\brus16\src\cpu\cpu.sv":9)
Analyzing Verilog file 'C:\Users\Joe\dev\brus16\src\cpu\rstack.sv'
Analyzing included file 'C:\Users\Joe\dev\brus16\src\constants.svh'("C:\Users\Joe\dev\brus16\src\cpu\rstack.sv":7)
Back to file 'C:\Users\Joe\dev\brus16\src\cpu\rstack.sv'("C:\Users\Joe\dev\brus16\src\cpu\rstack.sv":7)
Analyzing Verilog file 'C:\Users\Joe\dev\brus16\src\cpu\stack.sv'
Analyzing included file 'C:\Users\Joe\dev\brus16\src\constants.svh'("C:\Users\Joe\dev\brus16\src\cpu\stack.sv":7)
Back to file 'C:\Users\Joe\dev\brus16\src\cpu\stack.sv'("C:\Users\Joe\dev\brus16\src\cpu\stack.sv":7)
Analyzing Verilog file 'C:\Users\Joe\dev\brus16\src\data_memory.sv'
Analyzing included file 'C:\Users\Joe\dev\brus16\src\constants.svh'("C:\Users\Joe\dev\brus16\src\data_memory.sv":1)
Back to file 'C:\Users\Joe\dev\brus16\src\data_memory.sv'("C:\Users\Joe\dev\brus16\src\data_memory.sv":1)
Analyzing Verilog file 'C:\Users\Joe\dev\brus16\src\gpu\btree_mux.sv'
Analyzing included file 'C:\Users\Joe\dev\brus16\src\constants.svh'("C:\Users\Joe\dev\brus16\src\gpu\btree_mux.sv":6)
Back to file 'C:\Users\Joe\dev\brus16\src\gpu\btree_mux.sv'("C:\Users\Joe\dev\brus16\src\gpu\btree_mux.sv":6)
Analyzing Verilog file 'C:\Users\Joe\dev\brus16\src\gpu\btree_mux_layer.sv'
Analyzing included file 'C:\Users\Joe\dev\brus16\src\constants.svh'("C:\Users\Joe\dev\brus16\src\gpu\btree_mux_layer.sv":5)
Back to file 'C:\Users\Joe\dev\brus16\src\gpu\btree_mux_layer.sv'("C:\Users\Joe\dev\brus16\src\gpu\btree_mux_layer.sv":5)
Analyzing Verilog file 'C:\Users\Joe\dev\brus16\src\gpu\comparator.sv'
Analyzing included file 'C:\Users\Joe\dev\brus16\src\constants.svh'("C:\Users\Joe\dev\brus16\src\gpu\comparator.sv":5)
Back to file 'C:\Users\Joe\dev\brus16\src\gpu\comparator.sv'("C:\Users\Joe\dev\brus16\src\gpu\comparator.sv":5)
Analyzing Verilog file 'C:\Users\Joe\dev\brus16\src\gpu\gpu.sv'
Analyzing included file 'C:\Users\Joe\dev\brus16\src\constants.svh'("C:\Users\Joe\dev\brus16\src\gpu\gpu.sv":6)
Back to file 'C:\Users\Joe\dev\brus16\src\gpu\gpu.sv'("C:\Users\Joe\dev\brus16\src\gpu\gpu.sv":6)
Analyzing Verilog file 'C:\Users\Joe\dev\brus16\src\gpu\gpu_bram.sv'
Analyzing included file 'C:\Users\Joe\dev\brus16\src\constants.svh'("C:\Users\Joe\dev\brus16\src\gpu\gpu_bram.sv":7)
Back to file 'C:\Users\Joe\dev\brus16\src\gpu\gpu_bram.sv'("C:\Users\Joe\dev\brus16\src\gpu\gpu_bram.sv":7)
Analyzing Verilog file 'C:\Users\Joe\dev\brus16\src\gpu\gpu_buffer.sv'
Analyzing included file 'C:\Users\Joe\dev\brus16\src\constants.svh'("C:\Users\Joe\dev\brus16\src\gpu\gpu_buffer.sv":7)
Back to file 'C:\Users\Joe\dev\brus16\src\gpu\gpu_buffer.sv'("C:\Users\Joe\dev\brus16\src\gpu\gpu_buffer.sv":7)
Analyzing Verilog file 'C:\Users\Joe\dev\brus16\src\gpu\gpu_receiver_fsm.sv'
Analyzing included file 'C:\Users\Joe\dev\brus16\src\constants.svh'("C:\Users\Joe\dev\brus16\src\gpu\gpu_receiver_fsm.sv":7)
Back to file 'C:\Users\Joe\dev\brus16\src\gpu\gpu_receiver_fsm.sv'("C:\Users\Joe\dev\brus16\src\gpu\gpu_receiver_fsm.sv":7)
WARN  (EX3788) : Block identifier is required on this block("C:\Users\Joe\dev\brus16\src\gpu\gpu_receiver_fsm.sv":146)
Analyzing Verilog file 'C:\Users\Joe\dev\brus16\src\gpu\gpu_top.sv'
Analyzing included file 'C:\Users\Joe\dev\brus16\src\constants.svh'("C:\Users\Joe\dev\brus16\src\gpu\gpu_top.sv":5)
Back to file 'C:\Users\Joe\dev\brus16\src\gpu\gpu_top.sv'("C:\Users\Joe\dev\brus16\src\gpu\gpu_top.sv":5)
Analyzing Verilog file 'C:\Users\Joe\dev\brus16\src\gpu\rect_copy_controller.sv'
Analyzing included file 'C:\Users\Joe\dev\brus16\src\constants.svh'("C:\Users\Joe\dev\brus16\src\gpu\rect_copy_controller.sv":37)
Back to file 'C:\Users\Joe\dev\brus16\src\gpu\rect_copy_controller.sv'("C:\Users\Joe\dev\brus16\src\gpu\rect_copy_controller.sv":37)
Analyzing Verilog file 'C:\Users\Joe\dev\brus16\src\hdmi\audio_clock_regeneration_packet.sv'
WARN  (EX2478) : Non-net output port 'clk_audio_counter_wrap' cannot be initialized at declaration in SystemVerilog mode("C:\Users\Joe\dev\brus16\src\hdmi\audio_clock_regeneration_packet.sv":13)
Analyzing Verilog file 'C:\Users\Joe\dev\brus16\src\hdmi\audio_info_frame.sv'
Analyzing Verilog file 'C:\Users\Joe\dev\brus16\src\hdmi\audio_sample_packet.sv'
Analyzing Verilog file 'C:\Users\Joe\dev\brus16\src\hdmi\auxiliary_video_information_info_frame.sv'
Analyzing Verilog file 'C:\Users\Joe\dev\brus16\src\hdmi\hdmi.sv'
WARN  (EX2478) : Non-net output port 'cx' cannot be initialized at declaration in SystemVerilog mode("C:\Users\Joe\dev\brus16\src\hdmi\hdmi.sv":82)
WARN  (EX2478) : Non-net output port 'cy' cannot be initialized at declaration in SystemVerilog mode("C:\Users\Joe\dev\brus16\src\hdmi\hdmi.sv":83)
Analyzing Verilog file 'C:\Users\Joe\dev\brus16\src\hdmi\packet_assembler.sv'
WARN  (EX2478) : Non-net output port 'counter' cannot be initialized at declaration in SystemVerilog mode("C:\Users\Joe\dev\brus16\src\hdmi\packet_assembler.sv":11)
Analyzing Verilog file 'C:\Users\Joe\dev\brus16\src\hdmi\packet_picker.sv'
Analyzing Verilog file 'C:\Users\Joe\dev\brus16\src\hdmi\serializer.sv'
WARN  (EX3182) : Initial value of parameter 'VIDEO_RATE' is omitted("C:\Users\Joe\dev\brus16\src\hdmi\serializer.sv":8)
Analyzing Verilog file 'C:\Users\Joe\dev\brus16\src\hdmi\source_product_description_info_frame.sv'
Analyzing Verilog file 'C:\Users\Joe\dev\brus16\src\hdmi\tmds_channel.sv'
WARN  (EX2478) : Non-net output port 'tmds' cannot be initialized at declaration in SystemVerilog mode("C:\Users\Joe\dev\brus16\src\hdmi\tmds_channel.sv":16)
Analyzing Verilog file 'C:\Users\Joe\dev\brus16\src\pll_generic.sv'
Analyzing included file 'C:\Users\Joe\dev\brus16\src\constants.svh'("C:\Users\Joe\dev\brus16\src\pll_generic.sv":1)
Back to file 'C:\Users\Joe\dev\brus16\src\pll_generic.sv'("C:\Users\Joe\dev\brus16\src\pll_generic.sv":1)
Analyzing Verilog file 'C:\Users\Joe\dev\brus16\src\program_memory.sv'
Analyzing included file 'C:\Users\Joe\dev\brus16\src\constants.svh'("C:\Users\Joe\dev\brus16\src\program_memory.sv":1)
Back to file 'C:\Users\Joe\dev\brus16\src\program_memory.sv'("C:\Users\Joe\dev\brus16\src\program_memory.sv":1)
Analyzing Verilog file 'C:\Users\Joe\dev\brus16\src\sfx\sfx_controller.sv'
Analyzing included file 'C:\Users\Joe\dev\brus16\src\constants.svh'("C:\Users\Joe\dev\brus16\src\sfx\sfx_controller.sv":1)
Back to file 'C:\Users\Joe\dev\brus16\src\sfx\sfx_controller.sv'("C:\Users\Joe\dev\brus16\src\sfx\sfx_controller.sv":1)
Analyzing Verilog file 'C:\Users\Joe\dev\brus16\src\sfx\sfx_dma.sv'
Analyzing Verilog file 'C:\Users\Joe\dev\brus16\src\sfx\sfx_mem.sv'
Analyzing Verilog file 'C:\Users\Joe\dev\brus16\src\sfx\sfx_process.sv'
Analyzing Verilog file 'C:\Users\Joe\dev\brus16\src\sfx\sfx_top.sv'
Analyzing included file 'C:\Users\Joe\dev\brus16\src\constants.svh'("C:\Users\Joe\dev\brus16\src\sfx\sfx_top.sv":11)
Back to file 'C:\Users\Joe\dev\brus16\src\sfx\sfx_top.sv'("C:\Users\Joe\dev\brus16\src\sfx\sfx_top.sv":11)
Analyzing Verilog file 'C:\Users\Joe\dev\brus16\src\sfx\sine_table.sv'
Analyzing Verilog file 'C:\Users\Joe\dev\brus16\src\vga_controller.sv'
WARN  (EX3073) : Port 'frame_width' remains unconnected for this instance("C:\Users\Joe\dev\brus16\src\brus16_top.sv":305)
Compiling module 'brus16_top'("C:\Users\Joe\dev\brus16\src\brus16_top.sv":8)
WARN  (EX3858) : System task 'dumpfile' is ignored for synthesis("C:\Users\Joe\dev\brus16\src\brus16_top.sv":380)
WARN  (EX3858) : System task 'dumpvars' is ignored for synthesis("C:\Users\Joe\dev\brus16\src\brus16_top.sv":381)
Compiling module 'pll_generic'("C:\Users\Joe\dev\brus16\src\pll_generic.sv":3)
Compiling module 'Gowin_rPLL'("C:\Users\Joe\dev\brus16\gowin\src\tn9k\gowin_rpll\gowin_rpll.v":10)
Compiling module 'Gowin_CLKDIV'("C:\Users\Joe\dev\brus16\gowin\src\tn9k\gowin_clkdiv\gowin_clkdiv.v":10)
WARN  (EX3791) : Expression size 6 truncated to fit in target size 5("C:\Users\Joe\dev\brus16\src\brus16_top.sv":83)
Compiling module 'vga_controller'("C:\Users\Joe\dev\brus16\src\vga_controller.sv":1)
WARN  (EX3791) : Expression size 11 truncated to fit in target size 10("C:\Users\Joe\dev\brus16\src\vga_controller.sv":63)
WARN  (EX3791) : Expression size 11 truncated to fit in target size 10("C:\Users\Joe\dev\brus16\src\vga_controller.sv":65)
Compiling module 'brus16_controller'("C:\Users\Joe\dev\brus16\src\brus16_controller.sv":19)
Compiling module 'buttons_top'("C:\Users\Joe\dev\brus16\src\buttons\buttons_top.sv":3)
Compiling module 'dualshock_spi_master'("C:\Users\Joe\dev\brus16\src\buttons\dualshock_spi_master.sv":11)
WARN  (EX3791) : Expression size 11 truncated to fit in target size 10("C:\Users\Joe\dev\brus16\src\buttons\dualshock_spi_master.sv":69)
WARN  (EX3791) : Expression size 8 truncated to fit in target size 7("C:\Users\Joe\dev\brus16\src\buttons\dualshock_spi_master.sv":84)
Compiling module 'button_controller(BUTTON_ADDR=7792)'("C:\Users\Joe\dev\brus16\src\buttons\button_controller.sv":10)
WARN  (EX3791) : Expression size 14 truncated to fit in target size 13("C:\Users\Joe\dev\brus16\src\buttons\button_controller.sv":59)
Compiling module 'cpu'("C:\Users\Joe\dev\brus16\src\cpu\cpu.sv":12)
WARN  (EX3791) : Expression size 6 truncated to fit in target size 5("C:\Users\Joe\dev\brus16\src\cpu\cpu.sv":43)
WARN  (EX3791) : Expression size 32 truncated to fit in target size 5("C:\Users\Joe\dev\brus16\src\cpu\cpu.sv":44)
Compiling module 'stack'("C:\Users\Joe\dev\brus16\src\cpu\stack.sv":10)
Extracting RAM for identifier 'data'("C:\Users\Joe\dev\brus16\src\cpu\stack.sv":32)
Compiling module 'rstack'("C:\Users\Joe\dev\brus16\src\cpu\rstack.sv":10)
Extracting RAM for identifier 'data'("C:\Users\Joe\dev\brus16\src\cpu\rstack.sv":29)
WARN  (EX3791) : Expression size 14 truncated to fit in target size 13("C:\Users\Joe\dev\brus16\src\cpu\cpu.sv":115)
Compiling module 'alu'("C:\Users\Joe\dev\brus16\src\cpu\alu.sv":8)
WARN  (EX3791) : Expression size 5 truncated to fit in target size 4("C:\Users\Joe\dev\brus16\src\cpu\cpu.sv":188)
WARN  (EX3791) : Expression size 32 truncated to fit in target size 4("C:\Users\Joe\dev\brus16\src\cpu\cpu.sv":189)
WARN  (EX3791) : Expression size 32 truncated to fit in target size 5("C:\Users\Joe\dev\brus16\src\cpu\cpu.sv":206)
Compiling module 'sfx_top'("C:\Users\Joe\dev\brus16\src\sfx\sfx_top.sv":13)
Compiling module 'sfx_controller'("C:\Users\Joe\dev\brus16\src\sfx\sfx_controller.sv":3)
WARN  (EX3791) : Expression size 16 truncated to fit in target size 15("C:\Users\Joe\dev\brus16\src\sfx\sfx_controller.sv":25)
WARN  (EX3791) : Expression size 32 truncated to fit in target size 15("C:\Users\Joe\dev\brus16\src\sfx\sfx_controller.sv":27)
WARN  (EX3791) : Expression size 11 truncated to fit in target size 10("C:\Users\Joe\dev\brus16\src\sfx\sfx_controller.sv":31)
WARN  (EX3791) : Expression size 11 truncated to fit in target size 10("C:\Users\Joe\dev\brus16\src\sfx\sfx_controller.sv":35)
Compiling module 'sfx_dma'("C:\Users\Joe\dev\brus16\src\sfx\sfx_dma.sv":1)
WARN  (EX3791) : Expression size 5 truncated to fit in target size 4("C:\Users\Joe\dev\brus16\src\sfx\sfx_dma.sv":57)
WARN  (EX3791) : Expression size 14 truncated to fit in target size 13("C:\Users\Joe\dev\brus16\src\sfx\sfx_dma.sv":70)
Compiling module 'sfx_process'("C:\Users\Joe\dev\brus16\src\sfx\sfx_process.sv":1)
WARN  (EX3791) : Expression size 4 truncated to fit in target size 3("C:\Users\Joe\dev\brus16\src\sfx\sfx_process.sv":42)
WARN  (EX3791) : Expression size 5 truncated to fit in target size 4("C:\Users\Joe\dev\brus16\src\sfx\sfx_process.sv":47)
WARN  (EX3791) : Expression size 7 truncated to fit in target size 6("C:\Users\Joe\dev\brus16\src\sfx\sfx_process.sv":52)
Compiling module 'sine_table'("C:\Users\Joe\dev\brus16\src\sfx\sine_table.sv":1)
Extracting RAM for identifier 'data'("C:\Users\Joe\dev\brus16\src\sfx\sine_table.sv":13)
Compiling module 'sfx_mem(VOICES=17)'("C:\Users\Joe\dev\brus16\src\sfx\sfx_mem.sv":1)
WARN  (EX3780) : Using initial value of 'j' since it is never assigned("C:\Users\Joe\dev\brus16\src\sfx\sfx_mem.sv":52)
Compiling module 'gpu_top'("C:\Users\Joe\dev\brus16\src\gpu\gpu_top.sv":7)
Compiling module 'rect_copy_controller'("C:\Users\Joe\dev\brus16\src\gpu\rect_copy_controller.sv":40)
WARN  (EX3791) : Expression size 4 truncated to fit in target size 3("C:\Users\Joe\dev\brus16\src\gpu\rect_copy_controller.sv":150)
WARN  (EX3791) : Expression size 5 truncated to fit in target size 4("C:\Users\Joe\dev\brus16\src\gpu\rect_copy_controller.sv":167)
WARN  (EX3791) : Expression size 3 truncated to fit in target size 2("C:\Users\Joe\dev\brus16\src\gpu\rect_copy_controller.sv":182)
WARN  (EX3791) : Expression size 11 truncated to fit in target size 10("C:\Users\Joe\dev\brus16\src\gpu\rect_copy_controller.sv":189)
Compiling module 'gpu'("C:\Users\Joe\dev\brus16\src\gpu\gpu.sv":9)
WARN  (EX3780) : Using initial value of 'j' since it is never assigned("C:\Users\Joe\dev\brus16\src\gpu\gpu.sv":178)
WARN  (EX3780) : Using initial value of 'rect_idxs' since it is never assigned("C:\Users\Joe\dev\brus16\src\gpu\gpu.sv":181)
Compiling module 'gpu_receiver_fsm'("C:\Users\Joe\dev\brus16\src\gpu\gpu_receiver_fsm.sv":10)
Compiling module 'gpu_buffer'("C:\Users\Joe\dev\brus16\src\gpu\gpu_buffer.sv":10)
Compiling module 'comparator(COORD_WIDTH=10)'("C:\Users\Joe\dev\brus16\src\gpu\comparator.sv":8)
Compiling module 'gpu_bram'("C:\Users\Joe\dev\brus16\src\gpu\gpu_bram.sv":10)
Extracting RAM for identifier 'data'("C:\Users\Joe\dev\brus16\src\gpu\gpu_bram.sv":27)
Compiling module 'gpu_bram(ADDR_WIDTH=9,SIZE=512)'("C:\Users\Joe\dev\brus16\src\gpu\gpu_bram.sv":10)
Extracting RAM for identifier 'data'("C:\Users\Joe\dev\brus16\src\gpu\gpu_bram.sv":27)
Compiling module 'gpu_bram(ADDR_WIDTH=6,SIZE=64,DATA_WIDTH=16)'("C:\Users\Joe\dev\brus16\src\gpu\gpu_bram.sv":10)
Extracting RAM for identifier 'data'("C:\Users\Joe\dev\brus16\src\gpu\gpu_bram.sv":27)
Compiling module 'btree_mux'("C:\Users\Joe\dev\brus16\src\gpu\btree_mux.sv":8)
Compiling module 'btree_mux_layer'("C:\Users\Joe\dev\brus16\src\gpu\btree_mux_layer.sv":8)
Compiling module 'btree_mux_layer(INPUT_COUNT=32)'("C:\Users\Joe\dev\brus16\src\gpu\btree_mux_layer.sv":8)
Compiling module 'btree_mux_layer(INPUT_COUNT=16)'("C:\Users\Joe\dev\brus16\src\gpu\btree_mux_layer.sv":8)
Compiling module 'btree_mux_layer(INPUT_COUNT=8)'("C:\Users\Joe\dev\brus16\src\gpu\btree_mux_layer.sv":8)
Compiling module 'btree_mux_layer(INPUT_COUNT=4)'("C:\Users\Joe\dev\brus16\src\gpu\btree_mux_layer.sv":8)
Compiling module 'btree_mux_layer(INPUT_COUNT=2)'("C:\Users\Joe\dev\brus16\src\gpu\btree_mux_layer.sv":8)
Compiling module 'hdmi(VIDEO_REFRESH_RATE=60,VENDOR_NAME=64'b0100001001110010011101010111001100101101001100010011011000000000)'("C:\Users\Joe\dev\brus16\src\hdmi\hdmi.sv":4)
Compiling module 'packet_picker(VIDEO_ID_CODE=1,VIDEO_RATE=25200000.0,IT_CONTENT=1'b1,AUDIO_BIT_WIDTH=16,AUDIO_RATE=44100,VENDOR_NAME=64'b0100001001110010011101010111001100101101001100010011011000000000,PRODUCT_DESCRIPTION=128'b01000110010100000100011101000001000000000000000000000000000000000000000000000000000000000000000000000000000000000000000000000000,SOURCE_DEVICE_INFORMATION=8'b00000000)'("C:\Users\Joe\dev\brus16\src\hdmi\packet_picker.sv":4)
Extracting RAM for identifier 'audio_sample_word_buffer'("C:\Users\Joe\dev\brus16\src\hdmi\packet_picker.sv":80)
Compiling module 'audio_clock_regeneration_packet(AUDIO_RATE=44100)'("C:\Users\Joe\dev\brus16\src\hdmi\audio_clock_regeneration_packet.sv":5)
Compiling module 'audio_sample_packet(WORD_LENGTH=4'b0010)'("C:\Users\Joe\dev\brus16\src\hdmi\audio_sample_packet.sv":8)
WARN  (EX3780) : Using initial value of 'CHANNEL_LEFT' since it is never assigned("C:\Users\Joe\dev\brus16\src\hdmi\audio_sample_packet.sv":63)
WARN  (EX3780) : Using initial value of 'CHANNEL_RIGHT' since it is never assigned("C:\Users\Joe\dev\brus16\src\hdmi\audio_sample_packet.sv":64)
Compiling module 'auxiliary_video_information_info_frame(IT_CONTENT=1'b1,VIDEO_ID_CODE=32'sb00000000000000000000000000000001)'("C:\Users\Joe\dev\brus16\src\hdmi\auxiliary_video_information_info_frame.sv":5)
Compiling module 'source_product_description_info_frame(VENDOR_NAME=64'b0100001001110010011101010111001100101101001100010011011000000000,PRODUCT_DESCRIPTION=128'b01000110010100000100011101000001000000000000000000000000000000000000000000000000000000000000000000000000000000000000000000000000,SOURCE_DEVICE_INFORMATION=8'b00000000)'("C:\Users\Joe\dev\brus16\src\hdmi\source_product_description_info_frame.sv":5)
Compiling module 'audio_info_frame'("C:\Users\Joe\dev\brus16\src\hdmi\audio_info_frame.sv":5)
WARN  (EX1998) : Net 'headers[255][23]' does not have a driver("C:\Users\Joe\dev\brus16\src\hdmi\packet_picker.sv":29)
WARN  (EX1998) : Net 'subs[255][3][55]' does not have a driver("C:\Users\Joe\dev\brus16\src\hdmi\packet_picker.sv":30)
Compiling module 'packet_assembler'("C:\Users\Joe\dev\brus16\src\hdmi\packet_assembler.sv":4)
Compiling module 'tmds_channel'("C:\Users\Joe\dev\brus16\src\hdmi\tmds_channel.sv":4)
Compiling module 'tmds_channel(CN=1)'("C:\Users\Joe\dev\brus16\src\hdmi\tmds_channel.sv":4)
Compiling module 'tmds_channel(CN=2)'("C:\Users\Joe\dev\brus16\src\hdmi\tmds_channel.sv":4)
Compiling module 'serializer(VIDEO_RATE=25200000.0)'("C:\Users\Joe\dev\brus16\src\hdmi\serializer.sv":5)
Compiling module 'data_memory'("C:\Users\Joe\dev\brus16\src\data_memory.sv":4)
Extracting RAM for identifier 'data'("C:\Users\Joe\dev\brus16\src\data_memory.sv":24)
Compiling module 'program_memory'("C:\Users\Joe\dev\brus16\src\program_memory.sv":4)
Extracting RAM for identifier 'data'("C:\Users\Joe\dev\brus16\src\program_memory.sv":16)
NOTE  (EX0101) : Current top module is "brus16_top"
[5%] Running netlist conversion ...
Running device independent optimization ...
[10%] Optimizing Phase 0 completed
[15%] Optimizing Phase 1 completed
[25%] Optimizing Phase 2 completed
Running inference ...
[30%] Inferring Phase 0 completed
[40%] Inferring Phase 1 completed
[50%] Inferring Phase 2 completed
[55%] Inferring Phase 3 completed
Running technical mapping ...
[60%] Tech-Mapping Phase 0 completed
[65%] Tech-Mapping Phase 1 completed
[75%] Tech-Mapping Phase 2 completed
[80%] Tech-Mapping Phase 3 completed
[90%] Tech-Mapping Phase 4 completed
WARN  (NL0002) : The module "audio_info_frame" instantiated to "audio_info_frame" is swept in optimizing("C:\Users\Joe\dev\brus16\src\hdmi\packet_picker.sv":143)
WARN  (NL0002) : The module "audio_sample_packet" instantiated to "audio_sample_packet" is swept in optimizing("C:\Users\Joe\dev\brus16\src\hdmi\packet_picker.sv":131)
WARN  (NL0002) : The module "auxiliary_video_information_info_frame" instantiated to "auxiliary_video_information_info_frame" is swept in optimizing("C:\Users\Joe\dev\brus16\src\hdmi\packet_picker.sv":137)
WARN  (NL0002) : The module "source_product_description_info_frame" instantiated to "source_product_description_info_frame" is swept in optimizing("C:\Users\Joe\dev\brus16\src\hdmi\packet_picker.sv":140)
[95%] Generate netlist file "C:\Users\Joe\dev\brus16\gowin\impl\gwsynthesis\tn9k.vg" completed
[100%] Generate report file "C:\Users\Joe\dev\brus16\gowin\impl\gwsynthesis\tn9k_syn.rpt.html" completed
GowinSynthesis finish
