Reading netlist file: "C:\Users\Joe\dev\brus16\gowin\impl\gwsynthesis\gowin.vg"
Parsing netlist file "C:\Users\Joe\dev\brus16\gowin\impl\gwsynthesis\gowin.vg" completed
Processing netlist completed
Reading constraint file: "C:\Users\Joe\dev\brus16\gowin\src\gowin.cst"
Physical Constraint parsed completed
Running placement......
[10%] Placement Phase 0 completed
[20%] Placement Phase 1 completed
[30%] Placement Phase 2 completed
[50%] Placement Phase 3 completed
Running routing......
[60%] Routing Phase 0 completed
[70%] Routing Phase 1 completed
[80%] Routing Phase 2 completed
[90%] Routing Phase 3 completed
Running timing analysis......
[95%] Timing analysis completed
Placement and routing completed
Bitstream generation in progress......
Bitstream generation completed
Running power analysis......
[100%] Power analysis completed
Generate file "C:\Users\Joe\dev\brus16\gowin\impl\pnr\gowin.power.html" completed
Generate file "C:\Users\Joe\dev\brus16\gowin\impl\pnr\gowin.pin.html" completed
Generate file "C:\Users\Joe\dev\brus16\gowin\impl\pnr\gowin.rpt.html" completed
Generate file "C:\Users\Joe\dev\brus16\gowin\impl\pnr\gowin.rpt.txt" completed
Generate file "C:\Users\Joe\dev\brus16\gowin\impl\pnr\gowin.sdf" completed
Generate file "C:\Users\Joe\dev\brus16\gowin\impl\pnr\gowin.vo" completed
Generate file "C:\Users\Joe\dev\brus16\gowin\impl\pnr\gowin.tr.html" completed
Generate file "C:\Users\Joe\dev\brus16\gowin\impl\pnr\gowin.tr" completed
Generate file "C:\Users\Joe\dev\brus16\gowin\impl\pnr\gowin.posp" completed
Fri Oct 31 23:39:46 2025

